
  [32m[1mVITE[22m v5.4.21[39m  [2mready in [0m[1m673[22m[2m[0m ms[22m

  [32m➜[39m  [1mLocal[22m:   [36mhttp://127.0.0.1:[1m5173[22m/[39m
[2m9:05:46 pm[22m [36m[1m[vite][22m[39m [32mhmr update [39m[2m/src/App.jsx, /src/index.css, /src/pages/volunteer-dashboard.jsx, /src/pages/admin-dashboard.jsx, /src/features/ngo-dashboard/pages/Resources.jsx, /src/features/ngo-dashboard/pages/Requests.jsx, /src/components/emergency-form.jsx[22m
[2m9:05:46 pm[22m [36m[1m[vite][22m[39m [32mhmr update [39m[2m/src/App.jsx, /src/index.css, /src/pages/volunteer-dashboard.jsx, /src/pages/admin-dashboard.jsx, /src/features/ngo-dashboard/pages/Resources.jsx, /src/features/ngo-dashboard/pages/Requests.jsx, /src/components/emergency-form.jsx[22m
[2m9:05:47 pm[22m [36m[1m[vite][22m[39m [32mhmr update [39m[2m/src/components/emergency-form.jsx, /src/index.css[22m
[2m9:08:00 pm[22m [36m[1m[vite][22m[39m [32mpage reload [39m[2msrc/lib/websocket.js[22m
[2m9:34:30 pm[22m [36m[1m[vite][22m[39m [32mfrontend/vite.config.js changed, restarting server...[39m
[2m9:34:30 pm[22m [36m[1m[vite][22m[39m [32mfrontend/vite.config.js changed, restarting server...[39m
[2m9:34:31 pm[22m [36m[1m[vite][22m[39m server restarted.
[2m9:48:09 pm[22m [36m[1m[vite][22m[39m [32mhmr update [39m[2m/src/App.jsx, /src/index.css[22m
[2m9:49:11 pm[22m [36m[1m[vite][22m[39m [32m✨ new dependencies optimized: [33m@vercel/analytics/react[32m[39m
[2m9:49:11 pm[22m [36m[1m[vite][22m[39m [32m✨ optimized dependencies changed. reloading[39m
[2m10:02:33 pm[22m [36m[1m[vite][22m[39m [32mhmr update [39m[2m/src/components/header.jsx, /src/index.css[22m
[2m10:02:44 pm[22m [36m[1m[vite][22m[39m [32mhmr update [39m[2m/src/components/footer.jsx, /src/index.css[22m
[2m10:02:56 pm[22m [36m[1m[vite][22m[39m [32mhmr update [39m[2m/src/pages/home.jsx, /src/index.css[22m
[2m10:03:10 pm[22m [36m[1m[vite][22m[39m [32mhmr update [39m[2m/src/pages/donate.jsx, /src/index.css[22m
[2m10:03:22 pm[22m [36m[1m[vite][22m[39m [32mpage reload [39m[2msrc/components/hero.jsx[22m
[2m10:05:01 pm[22m [36m[1m[vite][22m[39m [32mhmr update [39m[2m/src/index.css, /src/App.jsx, /src/pages/volunteer-dashboard.jsx, /src/pages/admin-dashboard.jsx, /src/features/ngo-dashboard/pages/Resources.jsx, /src/features/ngo-dashboard/pages/Requests.jsx, /src/components/emergency-form.jsx[22m
[2m10:05:12 pm[22m [36m[1m[vite][22m[39m [32mpage reload [39m[2msrc/lib/websocket.js[22m
[2m10:26:55 pm[22m [36m[1m[vite][22m[39m [32mhmr update [39m[2m/src/index.css[22m
[2m10:27:07 pm[22m [36m[1m[vite][22m[39m [32mhmr update [39m[2m/src/components/header.jsx, /src/index.css[22m
[2m10:27:38 pm[22m [36m[1m[vite][22m[39m [32mhmr update [39m[2m/src/pages/home.jsx, /src/index.css[22m
[2m10:27:59 pm[22m [36m[1m[vite][22m[39m [32mhmr update [39m[2m/src/pages/donate.jsx, /src/index.css[22m
[2m10:28:22 pm[22m [36m[1m[vite][22m[39m [32mhmr update [39m[2m/src/pages/auth.jsx, /src/index.css[22m
[2m10:29:46 pm[22m [36m[1m[vite][22m[39m [32mhmr update [39m[2m/src/pages/volunteer-dashboard.jsx, /src/index.css[22m
[2m10:30:01 pm[22m [36m[1m[vite][22m[39m [32mhmr update [39m[2m/src/pages/volunteer-dashboard.jsx, /src/index.css[22m
[2m10:30:16 pm[22m [36m[1m[vite][22m[39m [32mhmr update [39m[2m/src/pages/volunteer-dashboard.jsx, /src/index.css[22m
[2m10:30:37 pm[22m [36m[1m[vite][22m[39m [32mhmr update [39m[2m/src/pages/admin-dashboard.jsx, /src/index.css[22m
[2m10:30:54 pm[22m [36m[1m[vite][22m[39m [32mhmr update [39m[2m/src/features/ngo-dashboard/DashboardLayout.jsx, /src/index.css[22m
[2m10:31:07 pm[22m [36m[1m[vite][22m[39m [32mhmr update [39m[2m/src/components/request-location-map.jsx, /src/index.css[22m
[2m10:31:25 pm[22m [36m[1m[vite][22m[39m [32mhmr update [39m[2m/src/pages/emergency-request.jsx, /src/index.css[22m
[2m10:31:44 pm[22m [36m[1m[vite][22m[39m [32mhmr update [39m[2m/src/pages/volunteer.jsx, /src/index.css[22m
[2m10:32:17 pm[22m [36m[1m[vite][22m[39m [32mhmr update [39m[2m/src/components/floating-emergency.jsx, /src/index.css[22m
[2m10:32:47 pm[22m [36m[1m[vite][22m[39m [32mpage reload [39m[2msrc/components/hero.jsx[22m
[2m10:32:55 pm[22m [36m[1m[vite][22m[39m [32mhmr update [39m[2m/src/features/ngo-dashboard/DashboardLayout.jsx, /src/index.css[22m
[2m10:35:16 pm[22m [36m[1m[vite][22m[39m [32mhmr update [39m[2m/src/index.css[22m
[2m10:35:38 pm[22m [36m[1m[vite][22m[39m [32mhmr update [39m[2m/src/pages/home.jsx, /src/index.css[22m
[2m10:35:50 pm[22m [36m[1m[vite][22m[39m [32mhmr update [39m[2m/src/pages/emergency-request.jsx, /src/index.css[22m
[2m10:36:06 pm[22m [36m[1m[vite][22m[39m [32mhmr update [39m[2m/src/pages/volunteer.jsx, /src/index.css[22m
[2m10:36:21 pm[22m [36m[1m[vite][22m[39m [32mhmr update [39m[2m/src/pages/emergency-request.jsx, /src/index.css[22m
[2m10:36:29 pm[22m [36m[1m[vite][22m[39m [32mhmr update [39m[2m/src/pages/volunteer.jsx, /src/index.css[22m
[2m10:36:42 pm[22m [36m[1m[vite][22m[39m [32mpage reload [39m[2msrc/components/hero.jsx[22m
[2m10:36:53 pm[22m [36m[1m[vite][22m[39m [32mhmr update [39m[2m/src/pages/donate.jsx, /src/index.css[22m
[2m10:42:13 pm[22m [36m[1m[vite][22m[39m [32mhmr update [39m[2m/src/pages/auth.jsx, /src/index.css[22m
[2m10:42:23 pm[22m [36m[1m[vite][22m[39m [32mhmr update [39m[2m/src/pages/auth.jsx, /src/index.css[22m
[2m10:42:37 pm[22m [36m[1m[vite][22m[39m [32mhmr update [39m[2m/src/index.css[22m
[2m10:45:20 pm[22m [36m[1m[vite][22m[39m [32mhmr update [39m[2m/src/pages/auth.jsx, /src/index.css[22m
[2m10:50:06 pm[22m [36m[1m[vite][22m[39m [32mhmr update [39m[2m/src/App.jsx, /src/index.css[22m
[2m10:50:33 pm[22m [36m[1m[vite][22m[39m [32mhmr update [39m[2m/src/pages/auth.jsx, /src/index.css[22m
[2m10:50:57 pm[22m [36m[1m[vite][22m[39m [32mhmr update [39m[2m/src/pages/auth.jsx, /src/index.css[22m
[2m10:52:52 pm[22m [36m[1m[vite][22m[39m [32mhmr update [39m[2m/src/App.jsx, /src/index.css[22m
[2m10:53:08 pm[22m [36m[1m[vite][22m[39m [32mhmr update [39m[2m/src/pages/auth.jsx, /src/index.css[22m
[2m11:03:19 pm[22m [36m[1m[vite][22m[39m [32mhmr update [39m[2m/src/components/header.jsx, /src/index.css[22m
[2m11:03:20 pm[22m [36m[1m[vite][22m[39m [32mhmr update [39m[2m/src/components/header.jsx[22m
[2m11:03:39 pm[22m [36m[1m[vite][22m[39m [32mhmr update [39m[2m/src/pages/home.jsx, /src/index.css[22m
[2m11:04:32 pm[22m [36m[1m[vite][22m[39m [32mhmr update [39m[2m/src/components/header.jsx, /src/index.css[22m
[2m11:06:36 pm[22m [36m[1m[vite][22m[39m [32mhmr update [39m[2m/src/components/header.jsx, /src/index.css[22m
[2m11:08:13 pm[22m [36m[1m[vite][22m[39m [32mhmr update [39m[2m/src/components/header.jsx, /src/index.css[22m
[2m11:09:19 pm[22m [36m[1m[vite][22m[39m [32mhmr update [39m[2m/src/pages/donate.jsx, /src/index.css[22m
[2m11:10:40 pm[22m [36m[1m[vite][22m[39m [32mhmr update [39m[2m/src/components/header.jsx, /src/index.css[22m
[2m11:13:51 pm[22m [36m[1m[vite][22m[39m [32mhmr update [39m[2m/src/components/header.jsx, /src/index.css[22m
[2m11:17:55 pm[22m [36m[1m[vite][22m[39m [32mhmr update [39m[2m/src/pages/home.jsx, /src/index.css[22m
[2m11:20:24 pm[22m [36m[1m[vite][22m[39m [32mhmr update [39m[2m/src/components/header.jsx, /src/index.css[22m
[2m11:20:34 pm[22m [36m[1m[vite][22m[39m [32mhmr update [39m[2m/src/pages/home.jsx, /src/index.css[22m
[2m11:25:12 pm[22m [36m[1m[vite][22m[39m [32mhmr update [39m[2m/src/pages/home.jsx, /src/index.css[22m
[2m11:27:26 pm[22m [36m[1m[vite][22m[39m [32mhmr update [39m[2m/src/pages/home.jsx, /src/index.css[22m
[2m11:28:51 pm[22m [36m[1m[vite][22m[39m [32mhmr update [39m[2m/src/pages/home.jsx, /src/index.css[22m
[2m11:32:29 pm[22m [36m[1m[vite][22m[39m [32mhmr update [39m[2m/src/pages/home.jsx, /src/index.css[22m
[2m11:35:00 pm[22m [36m[1m[vite][22m[39m [32mhmr update [39m[2m/src/pages/home.jsx, /src/index.css[22m
[2m11:38:52 pm[22m [36m[1m[vite][22m[39m [32mhmr update [39m[2m/src/pages/home.jsx, /src/index.css[22m
[2m11:40:34 pm[22m [36m[1m[vite][22m[39m [32mhmr update [39m[2m/src/index.css, /src/App.jsx[22m
[2m11:43:30 pm[22m [36m[1m[vite][22m[39m [32mhmr update [39m[2m/src/pages/home.jsx, /src/index.css[22m
[2m11:52:16 pm[22m [36m[1m[vite][22m[39m [32mhmr update [39m[2m/src/components/header.jsx, /src/index.css[22m
[2m11:53:34 pm[22m [36m[1m[vite][22m[39m [32mhmr update [39m[2m/src/components/header.jsx, /src/index.css[22m
[2m11:56:29 pm[22m [36m[1m[vite][22m[39m [32mhmr update [39m[2m/src/components/header.jsx, /src/index.css[22m
[2m11:58:40 pm[22m [36m[1m[vite][22m[39m [32mhmr update [39m[2m/src/components/header.jsx, /src/index.css[22m
[2m12:01:54 am[22m [36m[1m[vite][22m[39m [32mhmr update [39m[2m/src/components/header.jsx, /src/index.css[22m
[2m12:05:58 am[22m [36m[1m[vite][22m[39m [32mhmr update [39m[2m/src/components/header.jsx, /src/index.css[22m
[2m12:05:59 am[22m [36m[1m[vite][22m[39m [32mhmr update [39m[2m/src/pages/home.jsx, /src/index.css[22m
[2m12:09:26 am[22m [36m[1m[vite][22m[39m [32mhmr update [39m[2m/src/pages/auth.jsx, /src/index.css[22m
[2m12:09:27 am[22m [36m[1m[vite][22m[39m [32mhmr update [39m[2m/src/pages/home.jsx, /src/index.css[22m
[2m12:09:28 am[22m [36m[1m[vite][22m[39m [32mpage reload [39m[2msrc/components/hero.jsx[22m
[2m12:17:06 am[22m [36m[1m[vite][22m[39m [32mhmr update [39m[2m/src/App.jsx, /src/index.css[22m
[2m12:17:27 am[22m [36m[1m[vite][22m[39m [32mhmr update [39m[2m/src/pages/donate.jsx, /src/index.css[22m
[2m12:17:42 am[22m [36m[1m[vite][22m[39m [32mhmr update [39m[2m/src/pages/emergency-request.jsx, /src/index.css[22m
[2m12:18:00 am[22m [36m[1m[vite][22m[39m [32mhmr update [39m[2m/src/pages/home.jsx, /src/index.css[22m
[2m12:18:24 am[22m [36m[1m[vite][22m[39m [32mhmr update [39m[2m/src/pages/volunteer.jsx, /src/index.css[22m
[2m12:18:47 am[22m [36m[1m[vite][22m[39m [32mhmr update [39m[2m/src/features/ngo-dashboard/pages/Dashboard.jsx, /src/index.css[22m
[2m12:19:32 am[22m [36m[1m[vite][22m[39m [32mhmr update [39m[2m/src/pages/records.jsx, /src/index.css[22m
[2m12:19:42 am[22m [36m[1m[vite][22m[39m [32mhmr update [39m[2m/src/pages/records.jsx, /src/index.css[22m
[2m12:20:14 am[22m [36m[1m[vite][22m[39m [32mhmr update [39m[2m/src/pages/admin-dashboard.jsx, /src/index.css[22m
[2m12:21:04 am[22m [36m[1m[vite][22m[39m [32mpage reload [39m[2msrc/components/real-time-dashboard.jsx[22m
[2m12:21:50 am[22m [36m[1m[vite][22m[39m [32mpage reload [39m[2msrc/components/real-time-dashboard.jsx[22m
[2m12:23:10 am[22m [36m[1m[vite][22m[39m [32mhmr update [39m[2m/src/pages/records.jsx, /src/index.css[22m
[2m12:23:31 am[22m [36m[1m[vite][22m[39m [32mhmr update [39m[2m/src/pages/donate.jsx, /src/index.css[22m
[2m12:28:38 am[22m [36m[1m[vite][22m[39m [32mhmr update [39m[2m/src/App.jsx, /src/index.css[22m
[2m12:30:54 am[22m [36m[1m[vite][22m[39m [32mhmr update [39m[2m/src/pages/admin-dashboard.jsx, /src/index.css[22m
[2m12:30:55 am[22m [36m[1m[vite][22m[39m [32mhmr update [39m[2m/src/pages/volunteer-dashboard.jsx, /src/index.css[22m
[2m12:30:56 am[22m [36m[1m[vite][22m[39m [32mhmr update [39m[2m/src/features/ngo-dashboard/DashboardLayout.jsx, /src/index.css[22m
[2m12:30:57 am[22m [36m[1m[vite][22m[39m [32mhmr update [39m[2m/src/features/ngo-dashboard/AppSidebar.jsx, /src/index.css[22m
[2m12:30:57 am[22m [36m[1m[vite][22m[39m [33mhmr invalidate [39m[2m/src/features/ngo-dashboard/AppSidebar.jsx[22m Could not Fast Refresh ("ngoNavItems" export is incompatible). Learn more at https://github.com/vitejs/vite-plugin-react/tree/main/packages/plugin-react#consistent-components-exports
[2m12:30:57 am[22m [36m[1m[vite][22m[39m [32mhmr update [39m[2m/src/index.css, /src/features/ngo-dashboard/DashboardLayout.jsx[22m
[2m12:54:04 am[22m [36m[1m[vite][22m[39m [32mhmr update [39m[2m/src/features/ngo-dashboard/AppSidebar.jsx, /src/index.css[22m
[2m12:54:04 am[22m [36m[1m[vite][22m[39m [33mhmr invalidate [39m[2m/src/features/ngo-dashboard/AppSidebar.jsx[22m Could not Fast Refresh ("ngoNavItems" export is incompatible). Learn more at https://github.com/vitejs/vite-plugin-react/tree/main/packages/plugin-react#consistent-components-exports
[2m12:54:04 am[22m [36m[1m[vite][22m[39m [32mhmr update [39m[2m/src/index.css, /src/features/ngo-dashboard/DashboardLayout.jsx[22m
[2m12:54:21 am[22m [36m[1m[vite][22m[39m [32mhmr update [39m[2m/src/pages/admin-dashboard.jsx, /src/index.css[22m
[2m12:54:39 am[22m [36m[1m[vite][22m[39m [32mhmr update [39m[2m/src/pages/volunteer-dashboard.jsx, /src/index.css[22m
[2m12:55:26 am[22m [36m[1m[vite][22m[39m [32mhmr update [39m[2m/src/pages/auth.jsx, /src/index.css[22m
[2m12:55:27 am[22m [36m[1m[vite][22m[39m [32mhmr update [39m[2m/src/pages/home.jsx, /src/index.css[22m
[2m12:55:28 am[22m [36m[1m[vite][22m[39m [32mpage reload [39m[2msrc/components/hero.jsx[22m
[2m12:56:59 am[22m [36m[1m[vite][22m[39m [32mhmr update [39m[2m/src/features/ngo-dashboard/AppSidebar.jsx, /src/index.css[22m
[2m12:57:00 am[22m [36m[1m[vite][22m[39m [33mhmr invalidate [39m[2m/src/features/ngo-dashboard/AppSidebar.jsx[22m Could not Fast Refresh ("ngoNavItems" export is incompatible). Learn more at https://github.com/vitejs/vite-plugin-react/tree/main/packages/plugin-react#consistent-components-exports
[2m12:57:00 am[22m [36m[1m[vite][22m[39m [32mhmr update [39m[2m/src/index.css, /src/features/ngo-dashboard/DashboardLayout.jsx[22m
[2m12:57:00 am[22m [36m[1m[vite][22m[39m [32mhmr update [39m[2m/src/pages/admin-dashboard.jsx, /src/index.css[22m
[2m12:57:01 am[22m [36m[1m[vite][22m[39m [32mhmr update [39m[2m/src/pages/volunteer-dashboard.jsx, /src/index.css[22m
[2m12:57:14 am[22m [36m[1m[vite][22m[39m [32mhmr update [39m[2m/src/pages/volunteer-dashboard.jsx, /src/index.css[22m
[2m12:58:49 am[22m [36m[1m[vite][22m[39m [32mhmr update [39m[2m/src/pages/admin-dashboard.jsx, /src/index.css[22m
[2m12:58:50 am[22m [36m[1m[vite][22m[39m [32mhmr update [39m[2m/src/pages/volunteer-dashboard.jsx, /src/index.css[22m
[2m12:58:51 am[22m [36m[1m[vite][22m[39m [32mhmr update [39m[2m/src/features/ngo-dashboard/AppSidebar.jsx, /src/index.css[22m
[2m12:58:51 am[22m [36m[1m[vite][22m[39m [33mhmr invalidate [39m[2m/src/features/ngo-dashboard/AppSidebar.jsx[22m Could not Fast Refresh ("ngoNavItems" export is incompatible). Learn more at https://github.com/vitejs/vite-plugin-react/tree/main/packages/plugin-react#consistent-components-exports
[2m12:58:51 am[22m [36m[1m[vite][22m[39m [32mhmr update [39m[2m/src/index.css, /src/features/ngo-dashboard/DashboardLayout.jsx[22m
[2m1:00:18 am[22m [36m[1m[vite][22m[39m [32mhmr update [39m[2m/src/pages/admin-dashboard.jsx, /src/index.css[22m
[2m1:00:19 am[22m [36m[1m[vite][22m[39m [32mhmr update [39m[2m/src/pages/volunteer-dashboard.jsx, /src/index.css[22m
[2m1:00:20 am[22m [36m[1m[vite][22m[39m [32mhmr update [39m[2m/src/features/ngo-dashboard/AppSidebar.jsx, /src/index.css[22m
[2m1:00:20 am[22m [36m[1m[vite][22m[39m [33mhmr invalidate [39m[2m/src/features/ngo-dashboard/AppSidebar.jsx[22m Could not Fast Refresh ("ngoNavItems" export is incompatible). Learn more at https://github.com/vitejs/vite-plugin-react/tree/main/packages/plugin-react#consistent-components-exports
[2m1:00:20 am[22m [36m[1m[vite][22m[39m [32mhmr update [39m[2m/src/index.css, /src/features/ngo-dashboard/DashboardLayout.jsx[22m
[2m1:01:24 am[22m [36m[1m[vite][22m[39m [32mhmr update [39m[2m/src/pages/admin-dashboard.jsx, /src/index.css[22m
[2m1:01:24 am[22m [36m[1m[vite][22m[39m [32mhmr update [39m[2m/src/pages/volunteer-dashboard.jsx, /src/index.css[22m
[2m1:01:25 am[22m [36m[1m[vite][22m[39m [32mhmr update [39m[2m/src/features/ngo-dashboard/AppSidebar.jsx, /src/index.css[22m
[2m1:01:25 am[22m [36m[1m[vite][22m[39m [33mhmr invalidate [39m[2m/src/features/ngo-dashboard/AppSidebar.jsx[22m Could not Fast Refresh ("ngoNavItems" export is incompatible). Learn more at https://github.com/vitejs/vite-plugin-react/tree/main/packages/plugin-react#consistent-components-exports
[2m1:01:25 am[22m [36m[1m[vite][22m[39m [32mhmr update [39m[2m/src/index.css, /src/features/ngo-dashboard/DashboardLayout.jsx[22m
[2m1:09:19 am[22m [36m[1m[vite][22m[39m [32mhmr update [39m[2m/src/features/ngo-dashboard/pages/Funds.jsx, /src/index.css[22m
[2m1:09:20 am[22m [36m[1m[vite][22m[39m [32mhmr update [39m[2m/src/features/ngo-dashboard/pages/Funds.jsx[22m
[2m1:10:35 am[22m [36m[1m[vite][22m[39m [32mhmr update [39m[2m/src/pages/admin-dashboard.jsx, /src/index.css[22m
[2m1:10:48 am[22m [36m[1m[vite][22m[39m [32mhmr update [39m[2m/src/pages/admin-dashboard.jsx, /src/index.css[22m
[2m1:11:27 am[22m [36m[1m[vite][22m[39m [32mhmr update [39m[2m/src/pages/admin-dashboard.jsx, /src/index.css[22m
[2m1:15:43 am[22m [36m[1m[vite][22m[39m [32mhmr update [39m[2m/src/pages/auth.jsx, /src/index.css[22m
[2m1:21:59 am[22m [36m[1m[vite][22m[39m [32mhmr update [39m[2m/src/pages/home.jsx, /src/index.css[22m
[2m1:22:13 am[22m [36m[1m[vite][22m[39m [32m✨ new dependencies optimized: [33mgsap/ScrollTrigger, gsap/SplitText[32m[39m
[2m1:22:13 am[22m [36m[1m[vite][22m[39m [32m✨ optimized dependencies changed. reloading[39m
[2m1:22:46 am[22m [36m[1m[vite][22m[39m [32mhmr update [39m[2m/src/components/SplitText.jsx, /src/index.css[22m
[2m1:22:47 am[22m [36m[1m[vite][22m[39m [32mhmr update [39m[2m/src/pages/home.jsx, /src/index.css[22m
[2m1:24:34 am[22m [36m[1m[vite][22m[39m [32mhmr update [39m[2m/src/features/ngo-dashboard/AppSidebar.jsx, /src/index.css[22m
[2m1:24:34 am[22m [36m[1m[vite][22m[39m [33mhmr invalidate [39m[2m/src/features/ngo-dashboard/AppSidebar.jsx[22m Could not Fast Refresh ("ngoNavItems" export is incompatible). Learn more at https://github.com/vitejs/vite-plugin-react/tree/main/packages/plugin-react#consistent-components-exports
[2m1:24:34 am[22m [36m[1m[vite][22m[39m [32mhmr update [39m[2m/src/index.css, /src/features/ngo-dashboard/DashboardLayout.jsx[22m
[2m1:26:47 am[22m [36m[1m[vite][22m[39m [32mhmr update [39m[2m/src/components/SplitText.jsx, /src/index.css[22m
[2m1:27:01 am[22m [36m[1m[vite][22m[39m [32mhmr update [39m[2m/src/pages/home.jsx, /src/index.css[22m
[2m1:29:11 am[22m [36m[1m[vite][22m[39m [32mhmr update [39m[2m/src/components/SplitText.jsx, /src/index.css[22m
